<?xml version="1.0" encoding="UTF-8"?>
<!-- Generated by org.testng.reporters.JUnitReportReporter -->
<testsuite skipped="0" hostname="LAPTOP-LI26C2BG" name="automationScripts.PageNavigation" tests="1" failures="0" timestamp="30 Jul 2022 15:19:30 GMT" time="0.708" errors="0">
  <testcase name="contactFill" time="0.708" classname="automationScripts.PageNavigation"/>
</testsuite> <!-- automationScripts.PageNavigation -->
