<?xml version="1.0" encoding="UTF-8"?>
<!-- Generated by org.testng.reporters.JUnitReportReporter -->
<testsuite skipped="0" hostname="LAPTOP-LI26C2BG" name="automationScripts.ContactPageTestCase1" tests="1" failures="0" timestamp="31 Jul 2022 14:45:35 GMT" time="0.678" errors="0">
  <testcase name="contactFill" time="0.678" classname="automationScripts.ContactPageTestCase1"/>
</testsuite> <!-- automationScripts.ContactPageTestCase1 -->
