<?xml version="1.0" encoding="UTF-8"?>
<!-- Generated by org.testng.reporters.JUnitReportReporter -->
<testsuite skipped="0" hostname="LAPTOP-LI26C2BG" name="automationScripts.ContactPageTestCase2" tests="5" failures="0" timestamp="31 Jul 2022 14:45:35 GMT" time="39.644" errors="0">
  <testcase name="contactMandatoryFill" time="13.600" classname="automationScripts.ContactPageTestCase2"/>
  <testcase name="contactMandatoryFill" time="9.307" classname="automationScripts.ContactPageTestCase2"/>
  <testcase name="contactMandatoryFill" time="7.109" classname="automationScripts.ContactPageTestCase2"/>
  <testcase name="contactMandatoryFill" time="2.780" classname="automationScripts.ContactPageTestCase2"/>
  <testcase name="contactMandatoryFill" time="6.848" classname="automationScripts.ContactPageTestCase2"/>
</testsuite> <!-- automationScripts.ContactPageTestCase2 -->
