<?xml version="1.0" encoding="UTF-8"?>
<!-- Generated by org.testng.reporters.JUnitReportReporter -->
<testsuite skipped="0" hostname="LAPTOP-LI26C2BG" name="automationScripts.CartPageTestCase3" tests="1" failures="0" timestamp="31 Jul 2022 23:35:10 GMT" time="2.080" errors="0">
  <testcase name="shoppingCart" time="2.080" classname="automationScripts.CartPageTestCase3"/>
</testsuite> <!-- automationScripts.CartPageTestCase3 -->
