<?xml version="1.0" encoding="UTF-8"?>
<!-- Generated by org.testng.reporters.JUnitReportReporter -->
<testsuite skipped="0" hostname="LAPTOP-LI26C2BG" name="automationScripts.ContactPageTestCase2" tests="5" failures="0" timestamp="31 Jul 2022 23:35:10 GMT" time="19.683" errors="0">
  <testcase name="contactMandatoryFill" time="2.069" classname="automationScripts.ContactPageTestCase2"/>
  <testcase name="contactMandatoryFill" time="4.858" classname="automationScripts.ContactPageTestCase2"/>
  <testcase name="contactMandatoryFill" time="3.325" classname="automationScripts.ContactPageTestCase2"/>
  <testcase name="contactMandatoryFill" time="7.331" classname="automationScripts.ContactPageTestCase2"/>
  <testcase name="contactMandatoryFill" time="2.100" classname="automationScripts.ContactPageTestCase2"/>
</testsuite> <!-- automationScripts.ContactPageTestCase2 -->
